<?xml version="1.0" encoding="UTF-8"?>
<testng-results total="1" passed="1" failed="0" skipped="0">
  <reporter-output>
  </reporter-output>
  <suite started-at="2020-11-01T21:37:11Z" name="Suite1" finished-at="2020-11-01T21:37:19Z" duration-ms="8748">
    <groups>
    </groups>
    <test started-at="2020-11-01T21:37:11Z" name="Regression1" finished-at="2020-11-01T21:37:19Z" duration-ms="8748">
      <class name="com.diamond.testcases.CheckBoxDemo">
        <test-method is-config="true" signature="initBrowser()[pri:0, instance:com.diamond.testcases.CheckBoxDemo@3cebbb30]" started-at="2020-11-01T15:37:11Z" name="initBrowser" finished-at="2020-11-01T15:37:17Z" duration-ms="6031" status="PASS">
          <reporter-output>
          </reporter-output>
        </test-method> <!-- initBrowser -->
        <test-method signature="runTest1()[pri:0, instance:com.diamond.testcases.CheckBoxDemo@3cebbb30]" started-at="2020-11-01T15:37:17Z" name="runTest1" finished-at="2020-11-01T15:37:19Z" duration-ms="2094" status="PASS">
          <reporter-output>
          </reporter-output>
        </test-method> <!-- runTest1 -->
        <test-method is-config="true" signature="closeBrowser()[pri:0, instance:com.diamond.testcases.CheckBoxDemo@3cebbb30]" started-at="2020-11-01T15:37:19Z" name="closeBrowser" finished-at="2020-11-01T15:37:19Z" duration-ms="605" status="PASS">
          <reporter-output>
          </reporter-output>
        </test-method> <!-- closeBrowser -->
      </class> <!-- com.diamond.testcases.CheckBoxDemo -->
    </test> <!-- Regression1 -->
  </suite> <!-- Suite1 -->
</testng-results>
